<?xml version="1.0" encoding="UTF-8"?>
<testsuite xmlns:xsi="http://www.w3.org/2001/XMLSchema-instance" xsi:noNamespaceSchemaLocation="https://maven.apache.org/surefire/maven-surefire-plugin/xsd/surefire-test-report-3.0.xsd" version="3.0" name="test.Tests" time="92.726" tests="3" errors="0" skipped="0" failures="0">
  <properties>
[...]
</properties>
  <testcase name="test1" classname="test.Tests" time="23.808">
    <system-out><![CDATA[antes de hacer el contructor
despues del contructor
Cambio al frame mce_0_ifr
Cambio al frame Principal
Se Puso en negrita el texto
Se cambio el color del texto
Cambio al frame mce_0_ifr
Cambio al frame Principal
Se Centro el texto
Texto capturado: PruebadeAPAP
corrio la prueba 1
Texto capturado: PruebadeAPAPImpreso desde test
corrió la prueba print final
]]></system-out>
    <system-err><![CDATA[SLF4J: No SLF4J providers were found.
SLF4J: Defaulting to no-operation (NOP) logger implementation
SLF4J: See https://www.slf4j.org/codes.html#noProviders for further details.
]]></system-err>
  </testcase>
  <testcase name="test2" classname="test.Tests" time="24.909">
    <system-out><![CDATA[antes de hacer el contructor
despues del contructor
entro a la prueba
Cambio al frame frame-top
Cambio al frame frame-left
Cambio al frame Principal
Cambio al frame frame-top
Cambio al frame frame-middle
Cambio al frame Principal
Cambio al frame frame-top
Cambio al frame frame-right
Cambio al frame Principal
Cambio al frame Principal
Cambio al frame frame-bottom
corrio la prueba 2
Texto capturado: LEFT
MIDDLE
RIGHT
BOTTOM
Impreso desde test
corrió la prueba print final
]]></system-out>
  </testcase>
  <testcase name="test3" classname="test.Tests" time="16.644">
    <system-out><![CDATA[antes de hacer el contructor
despues del contructor
Dentro del contructor
Texto capturado: New Window Impreso desde test en nueva ventana
corrio la prueba 2
Texto capturado: New Window
corrió la prueba print final
]]></system-out>
  </testcase>
</testsuite>