<?xml version="1.0" encoding="UTF-8"?>
<testng-results ignored="0" total="1" passed="1" failed="0" skipped="0">
  <reporter-output>
  </reporter-output>
  <suite started-at="2023-09-27T09:26:44 BOT" name="Default suite" finished-at="2023-09-27T09:27:18 BOT" duration-ms="34055">
    <groups>
    </groups>
    <test started-at="2023-09-27T09:26:44 BOT" name="Default test" finished-at="2023-09-27T09:27:18 BOT" duration-ms="34055">
      <class name="tests.Tests">
        <test-method is-config="true" signature="setUp()[pri:0, instance:tests.Tests@1de5f259]" started-at="2023-09-27T09:26:44 BOT" name="setUp" finished-at="2023-09-27T09:26:52 BOT" duration-ms="8560" status="PASS">
          <reporter-output>
          </reporter-output>
        </test-method> <!-- setUp -->
        <test-method signature="test1()[pri:0, instance:tests.Tests@1de5f259]" started-at="2023-09-27T09:26:52 BOT" name="test1" finished-at="2023-09-27T09:27:17 BOT" duration-ms="24498" status="PASS">
          <reporter-output>
          </reporter-output>
        </test-method> <!-- test1 -->
        <test-method is-config="true" signature="tearDown()[pri:0, instance:tests.Tests@1de5f259]" started-at="2023-09-27T09:27:17 BOT" name="tearDown" finished-at="2023-09-27T09:27:18 BOT" duration-ms="964" status="PASS">
          <reporter-output>
          </reporter-output>
        </test-method> <!-- tearDown -->
      </class> <!-- tests.Tests -->
    </test> <!-- Default test -->
  </suite> <!-- Default suite -->
</testng-results>
