<?xml version="1.0" encoding="UTF-8"?>
<testng-results ignored="0" total="3" passed="3" failed="0" skipped="0">
  <reporter-output>
  </reporter-output>
  <suite started-at="2023-09-27T11:46:41 BOT" name="Default suite" finished-at="2023-09-27T11:48:13 BOT" duration-ms="92393">
    <groups>
    </groups>
    <test started-at="2023-09-27T11:46:41 BOT" name="Default test" finished-at="2023-09-27T11:48:13 BOT" duration-ms="92393">
      <class name="test.Tests">
        <test-method is-config="true" signature="setUp()[pri:0, instance:test.Tests@31fa1761]" started-at="2023-09-27T11:46:41 BOT" name="setUp" finished-at="2023-09-27T11:46:49 BOT" duration-ms="8439" status="PASS">
          <reporter-output>
          </reporter-output>
        </test-method> <!-- setUp -->
        <test-method signature="test1()[pri:0, instance:test.Tests@31fa1761]" started-at="2023-09-27T11:46:49 BOT" name="test1" finished-at="2023-09-27T11:47:14 BOT" duration-ms="24539" status="PASS">
          <reporter-output>
          </reporter-output>
        </test-method> <!-- test1 -->
        <test-method is-config="true" signature="tearDown()[pri:0, instance:test.Tests@31fa1761]" started-at="2023-09-27T11:47:14 BOT" name="tearDown" finished-at="2023-09-27T11:47:14 BOT" duration-ms="805" status="PASS">
          <reporter-output>
          </reporter-output>
        </test-method> <!-- tearDown -->
        <test-method is-config="true" signature="setUp()[pri:0, instance:test.Tests@31fa1761]" started-at="2023-09-27T11:47:14 BOT" name="setUp" finished-at="2023-09-27T11:47:22 BOT" duration-ms="7709" status="PASS">
          <reporter-output>
          </reporter-output>
        </test-method> <!-- setUp -->
        <test-method signature="test2()[pri:0, instance:test.Tests@31fa1761]" started-at="2023-09-27T11:47:22 BOT" name="test2" finished-at="2023-09-27T11:47:47 BOT" duration-ms="24823" status="PASS">
          <reporter-output>
          </reporter-output>
        </test-method> <!-- test2 -->
        <test-method is-config="true" signature="tearDown()[pri:0, instance:test.Tests@31fa1761]" started-at="2023-09-27T11:47:47 BOT" name="tearDown" finished-at="2023-09-27T11:47:48 BOT" duration-ms="928" status="PASS">
          <reporter-output>
          </reporter-output>
        </test-method> <!-- tearDown -->
        <test-method is-config="true" signature="setUp()[pri:0, instance:test.Tests@31fa1761]" started-at="2023-09-27T11:47:48 BOT" name="setUp" finished-at="2023-09-27T11:47:56 BOT" duration-ms="7802" status="PASS">
          <reporter-output>
          </reporter-output>
        </test-method> <!-- setUp -->
        <test-method signature="test3()[pri:0, instance:test.Tests@31fa1761]" started-at="2023-09-27T11:47:56 BOT" name="test3" finished-at="2023-09-27T11:48:12 BOT" duration-ms="16607" status="PASS">
          <reporter-output>
          </reporter-output>
        </test-method> <!-- test3 -->
        <test-method is-config="true" signature="tearDown()[pri:0, instance:test.Tests@31fa1761]" started-at="2023-09-27T11:48:12 BOT" name="tearDown" finished-at="2023-09-27T11:48:13 BOT" duration-ms="711" status="PASS">
          <reporter-output>
          </reporter-output>
        </test-method> <!-- tearDown -->
      </class> <!-- test.Tests -->
    </test> <!-- Default test -->
  </suite> <!-- Default suite -->
</testng-results>
